<?xml version="1.0" encoding="UTF-8"?>
<TestResult device="MI" network="2G" sn="23wrffffffgh">

	<TestCaseLoop name="case1" pass="1" fail="1" starttime="" endtime="">
		<TestCase status="pass" logfile="" />
		<TestCase status="fail" logfile="" />
	</TestCaseLoop>

	<TestCaseLoop name="case2" pass="2" fail="0" starttime="" endtime="">
		<TestCase index="0" status="pass" logfile="" />
		<TestCase index="1" status="pass" logfile="" />
	</TestCaseLoop>
</TestResult>