<?xml version='1.0' encoding='UTF-8' standalone='no' ?>
<TestResult device="MI" network="2G" sn="dksldfdffdf" platform="4.4.2">
  <TestCaseLoop name="case3" total="1" pass="1" fail="0" path="/webview" loop="1" starttime="2015-07-23 18:34:21" endtime="2015-07-23 18:34:21">
    <TestCase index="0" status="pass" logfile="repo/result/android/MI_2G_dksldfdffdf_4.4.2_201507210823923/case3/0/result.txt" />
  </TestCaseLoop>
  <TestCaseLoop name="case1" total="2" pass="1" fail="1" path="/nativeJson" loop="2" starttime="2015-07-23 18:34:21" endtime="2015-07-23 18:34:21">
    <TestCase index="0" status="pass" logfile="repo/result/android/MI_2G_dksldfdffdf_4.4.2_201507210823923/case1/0/result.txt" />
    <TestCase index="1" status="fail" logfile="repo/result/android/MI_2G_dksldfdffdf_4.4.2_201507210823923/case1/1/result.txt" />
  </TestCaseLoop>
  <TestCaseLoop name="case2" total="1" pass="0" fail="1" path="/nativeXml" loop="1" starttime="2015-07-23 18:34:21" endtime="2015-07-23 18:34:21">
    <TestCase index="0" status="fail" logfile="repo/result/android/MI_2G_dksldfdffdf_4.4.2_201507210823923/case2/0/result.txt" />
  </TestCaseLoop>
</TestResult>